This is pdfTeX, Version 3.14159265-2.6-1.40.16 (TeX Live 2015/W32TeX) (preloaded format=pdflatex 2016.1.7)  12 MAY 2018 11:35
entering extended mode
 restricted \write18 enabled.
 %&-line parsing enabled.
**./mycv.tex
(./mycv.tex
LaTeX2e <2015/10/01> patch level 2
Babel <3.9m> and hyphenation patterns for 79 languages loaded.

LaTeX Warning: You have requested package `',
               but the package provides `mycv'.

Package: mycv 2011/03/26 My custom CV class
(c:/texlive/2015/texmf-dist/tex/latex/titlesec/titlesec.sty
Package: titlesec 2011/12/15 v2.10.0 Sectioning titles
\ttl@box=\box26
\beforetitleunit=\skip41
\aftertitleunit=\skip42
\ttl@plus=\dimen102
\ttl@minus=\dimen103
\ttl@toksa=\toks14
\titlewidth=\dimen104
\titlewidthlast=\dimen105
\titlewidthfirst=\dimen106

! Undefined control sequence.
<argument> \section 
                    
l.1273 \ttl@extract\section
                           
The control sequence at the end of the top line
of your error message was never \def'ed. If you have
misspelled it (e.g., `\hobx'), type `I' and the correct
spelling (e.g., `I\hbox'). Otherwise just continue,
and I'll forget about whatever was undefined.


Package titlesec Warning: Non standard sectioning command detected
(titlesec)                Using default spacing and no format.

! Undefined control sequence.
<argument> \subsection 
                       
l.1274 \ttl@extract\subsection
                              
The control sequence at the end of the top line
of your error message was never \def'ed. If you have
misspelled it (e.g., `\hobx'), type `I' and the correct
spelling (e.g., `I\hbox'). Otherwise just continue,
and I'll forget about whatever was undefined.


Package titlesec Warning: Non standard sectioning command detected
(titlesec)                Using default spacing and no format.

! Undefined control sequence.
<argument> \subsubsection 
                          
l.1275 \ttl@extract\subsubsection
                                 
The control sequence at the end of the top line
of your error message was never \def'ed. If you have
misspelled it (e.g., `\hobx'), type `I' and the correct
spelling (e.g., `I\hbox'). Otherwise just continue,
and I'll forget about whatever was undefined.


Package titlesec Warning: Non standard sectioning command detected
(titlesec)                Using default spacing and no format.

! Undefined control sequence.
<argument> \paragraph 
                      
l.1276 \ttl@extract\paragraph
                             
The control sequence at the end of the top line
of your error message was never \def'ed. If you have
misspelled it (e.g., `\hobx'), type `I' and the correct
spelling (e.g., `I\hbox'). Otherwise just continue,
and I'll forget about whatever was undefined.


Package titlesec Warning: Non standard sectioning command detected
(titlesec)                Using default spacing and no format.

! Undefined control sequence.
<argument> \subparagraph 
                         
l.1277 \ttl@extract\subparagraph
                                
The control sequence at the end of the top line
of your error message was never \def'ed. If you have
misspelled it (e.g., `\hobx'), type `I' and the correct
spelling (e.g., `I\hbox'). Otherwise just continue,
and I'll forget about whatever was undefined.


Package titlesec Warning: Non standard sectioning command detected
(titlesec)                Using default spacing and no format.

))
! Emergency stop.
<*> ./mycv.tex
              
*** (job aborted, no legal \end found)

 
Here is how much of TeX's memory you used:
 272 strings out of 493054
 3365 string characters out of 6138328
 56736 words of memory out of 5000000
 3890 multiletter control sequences out of 15000+600000
 3640 words of font info for 14 fonts, out of 8000000 for 9000
 1141 hyphenation exceptions out of 8191
 16i,0n,17p,114b,10s stack positions out of 5000i,500n,10000p,200000b,80000s
!  ==> Fatal error occurred, no output PDF file produced!
